<?xml version="1.0" encoding="UTF-8"?>
<!-- Generated by org.testng.reporters.JUnitReportReporter -->
<testsuite hostname="juret01s-MacBook-Air.local" failures="0" tests="2" name="package1Test.IgnoreTest" time="0.022" errors="0" timestamp="2023-02-23T11:39:37 ACDT" skipped="0">
  <testcase classname="package1Test.IgnoreTest" name="testPrint2" time="0.007"/>
  <system-out/>
  <testcase classname="package1Test.IgnoreTest" name="testPrint" time="0.015"/>
  <system-out/>
</testsuite> <!-- package1Test.IgnoreTest -->
