<?xml version="1.0" encoding="UTF-8"?>
<!-- Generated by org.testng.reporters.JUnitReportReporter -->
<testsuite hostname="juret01s-MacBook-Air.local" failures="0" tests="2" name="package1Test.testing1Practices" time="0.122" errors="0" timestamp="2023-02-23T11:24:54 ACDT" skipped="0">
  <testcase classname="package1Test.testing1Practices" name="test1" time="0.016"/>
  <system-out/>
  <testcase classname="package1Test.testing1Practices" name="test2" time="0.106"/>
  <system-out/>
</testsuite> <!-- package1Test.testing1Practices -->
