<?xml version="1.0" encoding="UTF-8"?>
<!-- Generated by org.testng.reporters.JUnitReportReporter -->
<testsuite hostname="juret01s-Air" failures="0" tests="1" name="package1Test.TestingBaseClass" time="11.537" errors="0" timestamp="2023-03-02T09:32:45 ACDT" skipped="0">
  <testcase classname="package1Test.TestingBaseClass" name="stater" time="11.537"/>
  <system-out/>
</testsuite> <!-- package1Test.TestingBaseClass -->
