<?xml version="1.0" encoding="UTF-8"?>
<!-- Generated by org.testng.reporters.JUnitReportReporter -->
<testsuite hostname="juret01s-Air" failures="0" tests="5" name="package1Test.ParalilTesting" time="45.255" errors="0" timestamp="2023-04-10T13:21:41 ACST" skipped="0">
  <testcase classname="package1Test.ParalilTesting" name="method5" time="7.972"/>
  <system-out/>
  <testcase classname="package1Test.ParalilTesting" name="method4" time="7.680"/>
  <system-out/>
  <testcase classname="package1Test.ParalilTesting" name="method2" time="9.673"/>
  <system-out/>
  <testcase classname="package1Test.ParalilTesting" name="method1" time="10.748"/>
  <system-out/>
  <testcase classname="package1Test.ParalilTesting" name="method3" time="9.182"/>
  <system-out/>
</testsuite> <!-- package1Test.ParalilTesting -->
