<?xml version="1.0" encoding="UTF-8"?>
<!-- Generated by org.testng.reporters.JUnitReportReporter -->
<testsuite hostname="juret01s-Air" failures="0" tests="2" name="package1Test.dependsOnGroupsTest" time="0.016" errors="0" timestamp="2023-02-24T21:20:43 ACDT" skipped="0">
  <testcase classname="package1Test.dependsOnGroupsTest" name="test1" time="0.014"/>
  <system-out/>
  <testcase classname="package1Test.dependsOnGroupsTest" name="test3" time="0.002"/>
  <system-out/>
</testsuite> <!-- package1Test.dependsOnGroupsTest -->
