<?xml version="1.0" encoding="UTF-8"?>
<!-- Generated by org.testng.reporters.JUnitReportReporter -->
<testsuite hostname="juret01s-Air" failures="0" tests="2" name="package1Test.testing2Practice" time="0.022" errors="0" timestamp="2023-02-22T23:21:15 ACDT" skipped="0">
  <testcase classname="package1Test.testing2Practice" name="test1" time="0.018"/>
  <system-out/>
  <testcase classname="package1Test.testing2Practice" name="test2" time="0.004"/>
  <system-out/>
</testsuite> <!-- package1Test.testing2Practice -->
