<?xml version="1.0" encoding="UTF-8"?>
<!-- Generated by org.testng.reporters.JUnitReportReporter -->
<testsuite hostname="juret01s-MacBook-Air.local" failures="0" tests="1" name="package1Test.ParameterTes1" time="0.015" errors="0" timestamp="2023-02-24T11:17:49 ACDT" skipped="0">
  <testcase classname="package1Test.ParameterTes1" name="parameterTest" time="0.015"/>
  <system-out/>
</testsuite> <!-- package1Test.ParameterTes1 -->
