<?xml version="1.0" encoding="UTF-8"?>
<!-- Generated by org.testng.reporters.JUnitReportReporter -->
<testsuite hostname="juret01s-MacBook-Air.local" failures="0" tests="5" name="package1Test.ParalilTesting" time="112.704" errors="0" timestamp="2023-02-24T12:04:50 ACDT" skipped="0">
  <testcase classname="package1Test.ParalilTesting" name="method1" time="19.512"/>
  <system-out/>
  <testcase classname="package1Test.ParalilTesting" name="method5" time="19.515"/>
  <system-out/>
  <testcase classname="package1Test.ParalilTesting" name="method4" time="25.166"/>
  <system-out/>
  <testcase classname="package1Test.ParalilTesting" name="method3" time="22.401"/>
  <system-out/>
  <testcase classname="package1Test.ParalilTesting" name="method2" time="26.110"/>
  <system-out/>
</testsuite> <!-- package1Test.ParalilTesting -->
