<?xml version="1.0" encoding="UTF-8"?>
<!-- Generated by org.testng.reporters.JUnitReportReporter -->
<testsuite hostname="juret01s-MacBook-Air.local" failures="0" tests="3" name="package1Test.DependencyTestUsingAnotation" time="0.026" errors="0" timestamp="2023-02-24T11:18:17 ACDT" skipped="0">
  <testcase classname="package1Test.DependencyTestUsingAnotation" name="test3" time="0.003"/>
  <system-out/>
  <testcase classname="package1Test.DependencyTestUsingAnotation" name="test1" time="0.018"/>
  <system-out/>
  <testcase classname="package1Test.DependencyTestUsingAnotation" name="test2" time="0.005"/>
  <system-out/>
</testsuite> <!-- package1Test.DependencyTestUsingAnotation -->
